This is pdfTeX, Version 3.14159265-2.6-1.40.21 (TeX Live 2020/Debian) (preloaded format=pdflatex 2021.4.17)  23 APR 2021 17:07
entering extended mode
 restricted \write18 enabled.
 file:line:error style messages enabled.
 %&-line parsing enabled.
**Topology.tex
(./Topology.tex
LaTeX2e <2020-10-01> patch level 4
L3 programming layer <2021-01-09> xparse <2020-03-03> (/usr/share/texlive/texmf-dist/tex/latex/base/book.cls
Document Class: book 2020/04/10 v1.4m Standard LaTeX document class
(/usr/share/texlive/texmf-dist/tex/latex/base/bk12.clo
File: bk12.clo 2020/04/10 v1.4m Standard LaTeX file (size option)
)
\c@part=\count177
\c@chapter=\count178
\c@section=\count179
\c@subsection=\count180
\c@subsubsection=\count181
\c@paragraph=\count182
\c@subparagraph=\count183
\c@figure=\count184
\c@table=\count185
\abovecaptionskip=\skip47
\belowcaptionskip=\skip48
\bibindent=\dimen138
) (/usr/share/texlive/texmf-dist/tex/latex/geometry/geometry.sty
Package: geometry 2020/01/02 v5.9 Page Geometry
 (/usr/share/texlive/texmf-dist/tex/latex/graphics/keyval.sty
Package: keyval 2014/10/28 v1.15 key=value parser (DPC)
\KV@toks@=\toks15
) (/usr/share/texlive/texmf-dist/tex/generic/iftex/ifvtex.sty
Package: ifvtex 2019/10/25 v1.7 ifvtex legacy package. Use iftex instead.
 (/usr/share/texlive/texmf-dist/tex/generic/iftex/iftex.sty
Package: iftex 2020/03/06 v1.0d TeX engine tests
))
\Gm@cnth=\count186
\Gm@cntv=\count187
\c@Gm@tempcnt=\count188
\Gm@bindingoffset=\dimen139
\Gm@wd@mp=\dimen140
\Gm@odd@mp=\dimen141
\Gm@even@mp=\dimen142
\Gm@layoutwidth=\dimen143
\Gm@layoutheight=\dimen144
\Gm@layouthoffset=\dimen145
\Gm@layoutvoffset=\dimen146
\Gm@dimlist=\toks16
) (/usr/share/texlive/texmf-dist/tex/latex/base/inputenc.sty
Package: inputenc 2020/08/01 v1.3d Input encoding file
\inpenc@prehook=\toks17
\inpenc@posthook=\toks18
) (/usr/share/texlive/texmf-dist/tex/latex/tools/verbatim.sty
Package: verbatim 2020-07-07 v1.5u LaTeX2e package for verbatim enhancements
\every@verbatim=\toks19
\verbatim@line=\toks20
\verbatim@in@stream=\read2
) (/usr/share/texlive/texmf-dist/tex/latex/pgfplots/pgfplots.sty (/usr/share/texlive/texmf-dist/tex/generic/pgfplots/pgfplots.revision.tex)
Package: pgfplots 2020/02/29 v1.17 Data Visualization (1.17)
 (/usr/share/texlive/texmf-dist/tex/latex/graphics/graphicx.sty
Package: graphicx 2020/09/09 v1.2b Enhanced LaTeX Graphics (DPC,SPQR)
 (/usr/share/texlive/texmf-dist/tex/latex/graphics/graphics.sty
Package: graphics 2020/08/30 v1.4c Standard LaTeX Graphics (DPC,SPQR)
 (/usr/share/texlive/texmf-dist/tex/latex/graphics/trig.sty
Package: trig 2016/01/03 v1.10 sin cos tan (DPC)
) (/usr/share/texlive/texmf-dist/tex/latex/graphics-cfg/graphics.cfg
File: graphics.cfg 2016/06/04 v1.11 sample graphics configuration
)
Package graphics Info: Driver file: pdftex.def on input line 105.
 (/usr/share/texlive/texmf-dist/tex/latex/graphics-def/pdftex.def
File: pdftex.def 2020/10/05 v1.2a Graphics/color driver for pdftex
))
\Gin@req@height=\dimen147
\Gin@req@width=\dimen148
) (/usr/share/texlive/texmf-dist/tex/latex/pgf/frontendlayer/tikz.sty (/usr/share/texlive/texmf-dist/tex/latex/pgf/basiclayer/pgf.sty (/usr/share/texlive/texmf-dist/tex/latex/pgf/utilities/pgfrcs.sty (/usr/share/texlive/texmf-dist/tex/generic/pgf/utilities/pgfutil-common.tex
\pgfutil@everybye=\toks21
\pgfutil@tempdima=\dimen149
\pgfutil@tempdimb=\dimen150
 (/usr/share/texlive/texmf-dist/tex/generic/pgf/utilities/pgfutil-common-lists.tex)) (/usr/share/texlive/texmf-dist/tex/generic/pgf/utilities/pgfutil-latex.def
\pgfutil@abb=\box47
) (/usr/share/texlive/texmf-dist/tex/generic/pgf/utilities/pgfrcs.code.tex (/usr/share/texlive/texmf-dist/tex/generic/pgf/pgf.revision.tex)
Package: pgfrcs 2020/12/27 v3.1.8b (3.1.8b)
))
Package: pgf 2020/12/27 v3.1.8b (3.1.8b)
 (/usr/share/texlive/texmf-dist/tex/latex/pgf/basiclayer/pgfcore.sty (/usr/share/texlive/texmf-dist/tex/latex/pgf/systemlayer/pgfsys.sty (/usr/share/texlive/texmf-dist/tex/generic/pgf/systemlayer/pgfsys.code.tex
Package: pgfsys 2020/12/27 v3.1.8b (3.1.8b)
 (/usr/share/texlive/texmf-dist/tex/generic/pgf/utilities/pgfkeys.code.tex
\pgfkeys@pathtoks=\toks22
\pgfkeys@temptoks=\toks23
 (/usr/share/texlive/texmf-dist/tex/generic/pgf/utilities/pgfkeysfiltered.code.tex
\pgfkeys@tmptoks=\toks24
))
\pgf@x=\dimen151
\pgf@y=\dimen152
\pgf@xa=\dimen153
\pgf@ya=\dimen154
\pgf@xb=\dimen155
\pgf@yb=\dimen156
\pgf@xc=\dimen157
\pgf@yc=\dimen158
\pgf@xd=\dimen159
\pgf@yd=\dimen160
\w@pgf@writea=\write3
\r@pgf@reada=\read3
\c@pgf@counta=\count189
\c@pgf@countb=\count190
\c@pgf@countc=\count191
\c@pgf@countd=\count192
\t@pgf@toka=\toks25
\t@pgf@tokb=\toks26
\t@pgf@tokc=\toks27
\pgf@sys@id@count=\count193
 (/usr/share/texlive/texmf-dist/tex/generic/pgf/systemlayer/pgf.cfg
File: pgf.cfg 2020/12/27 v3.1.8b (3.1.8b)
)
Driver file for pgf: pgfsys-pdftex.def
 (/usr/share/texlive/texmf-dist/tex/generic/pgf/systemlayer/pgfsys-pdftex.def
File: pgfsys-pdftex.def 2020/12/27 v3.1.8b (3.1.8b)

(/usr/share/texlive/texmf-dist/tex/generic/pgf/systemlayer/pgfsys-common-pdf.def
File: pgfsys-common-pdf.def 2020/12/27 v3.1.8b (3.1.8b)
))) (/usr/share/texlive/texmf-dist/tex/generic/pgf/systemlayer/pgfsyssoftpath.code.tex
File: pgfsyssoftpath.code.tex 2020/12/27 v3.1.8b (3.1.8b)
\pgfsyssoftpath@smallbuffer@items=\count194
\pgfsyssoftpath@bigbuffer@items=\count195
) (/usr/share/texlive/texmf-dist/tex/generic/pgf/systemlayer/pgfsysprotocol.code.tex
File: pgfsysprotocol.code.tex 2020/12/27 v3.1.8b (3.1.8b)
)) (/usr/share/texlive/texmf-dist/tex/latex/xcolor/xcolor.sty
Package: xcolor 2016/05/11 v2.12 LaTeX color extensions (UK)
 (/usr/share/texlive/texmf-dist/tex/latex/graphics-cfg/color.cfg
File: color.cfg 2016/01/02 v1.6 sample color configuration
)
Package xcolor Info: Driver file: pdftex.def on input line 225.
Package xcolor Info: Model `cmy' substituted by `cmy0' on input line 1348.
Package xcolor Info: Model `hsb' substituted by `rgb' on input line 1352.
Package xcolor Info: Model `RGB' extended on input line 1364.
Package xcolor Info: Model `HTML' substituted by `rgb' on input line 1366.
Package xcolor Info: Model `Hsb' substituted by `hsb' on input line 1367.
Package xcolor Info: Model `tHsb' substituted by `hsb' on input line 1368.
Package xcolor Info: Model `HSB' substituted by `hsb' on input line 1369.
Package xcolor Info: Model `Gray' substituted by `gray' on input line 1370.
Package xcolor Info: Model `wave' substituted by `hsb' on input line 1371.
) (/usr/share/texlive/texmf-dist/tex/generic/pgf/basiclayer/pgfcore.code.tex
Package: pgfcore 2020/12/27 v3.1.8b (3.1.8b)
 (/usr/share/texlive/texmf-dist/tex/generic/pgf/math/pgfmath.code.tex (/usr/share/texlive/texmf-dist/tex/generic/pgf/math/pgfmathcalc.code.tex (/usr/share/texlive/texmf-dist/tex/generic/pgf/math/pgfmathutil.code.tex) (/usr/share/texlive/texmf-dist/tex/generic/pgf/math/pgfmathparser.code.tex
\pgfmath@dimen=\dimen161
\pgfmath@count=\count196
\pgfmath@box=\box48
\pgfmath@toks=\toks28
\pgfmath@stack@operand=\toks29
\pgfmath@stack@operation=\toks30
) (/usr/share/texlive/texmf-dist/tex/generic/pgf/math/pgfmathfunctions.code.tex (/usr/share/texlive/texmf-dist/tex/generic/pgf/math/pgfmathfunctions.basic.code.tex) (/usr/share/texlive/texmf-dist/tex/generic/pgf/math/pgfmathfunctions.trigonometric.code.tex) (/usr/share/texlive/texmf-dist/tex/generic/pgf/math/pgfmathfunctions.random.code.tex) (/usr/share/texlive/texmf-dist/tex/generic/pgf/math/pgfmathfunctions.comparison.code.tex) (/usr/share/texlive/texmf-dist/tex/generic/pgf/math/pgfmathfunctions.base.code.tex) (/usr/share/texlive/texmf-dist/tex/generic/pgf/math/pgfmathfunctions.round.code.tex) (/usr/share/texlive/texmf-dist/tex/generic/pgf/math/pgfmathfunctions.misc.code.tex) (/usr/share/texlive/texmf-dist/tex/generic/pgf/math/pgfmathfunctions.integerarithmetics.code.tex))) (/usr/share/texlive/texmf-dist/tex/generic/pgf/math/pgfmathfloat.code.tex
\c@pgfmathroundto@lastzeros=\count197
)) (/usr/share/texlive/texmf-dist/tex/generic/pgf/math/pgfint.code.tex) (/usr/share/texlive/texmf-dist/tex/generic/pgf/basiclayer/pgfcorepoints.code.tex
File: pgfcorepoints.code.tex 2020/12/27 v3.1.8b (3.1.8b)
\pgf@picminx=\dimen162
\pgf@picmaxx=\dimen163
\pgf@picminy=\dimen164
\pgf@picmaxy=\dimen165
\pgf@pathminx=\dimen166
\pgf@pathmaxx=\dimen167
\pgf@pathminy=\dimen168
\pgf@pathmaxy=\dimen169
\pgf@xx=\dimen170
\pgf@xy=\dimen171
\pgf@yx=\dimen172
\pgf@yy=\dimen173
\pgf@zx=\dimen174
\pgf@zy=\dimen175
) (/usr/share/texlive/texmf-dist/tex/generic/pgf/basiclayer/pgfcorepathconstruct.code.tex
File: pgfcorepathconstruct.code.tex 2020/12/27 v3.1.8b (3.1.8b)
\pgf@path@lastx=\dimen176
\pgf@path@lasty=\dimen177
) (/usr/share/texlive/texmf-dist/tex/generic/pgf/basiclayer/pgfcorepathusage.code.tex
File: pgfcorepathusage.code.tex 2020/12/27 v3.1.8b (3.1.8b)
\pgf@shorten@end@additional=\dimen178
\pgf@shorten@start@additional=\dimen179
)
(/usr/share/texlive/texmf-dist/tex/generic/pgf/basiclayer/pgfcorescopes.code.tex
File: pgfcorescopes.code.tex 2020/12/27 v3.1.8b (3.1.8b)
\pgfpic=\box49
\pgf@hbox=\box50
\pgf@layerbox@main=\box51
\pgf@picture@serial@count=\count198
) (/usr/share/texlive/texmf-dist/tex/generic/pgf/basiclayer/pgfcoregraphicstate.code.tex
File: pgfcoregraphicstate.code.tex 2020/12/27 v3.1.8b (3.1.8b)
\pgflinewidth=\dimen180
) (/usr/share/texlive/texmf-dist/tex/generic/pgf/basiclayer/pgfcoretransformations.code.tex
File: pgfcoretransformations.code.tex 2020/12/27 v3.1.8b (3.1.8b)
\pgf@pt@x=\dimen181
\pgf@pt@y=\dimen182
\pgf@pt@temp=\dimen183
) (/usr/share/texlive/texmf-dist/tex/generic/pgf/basiclayer/pgfcorequick.code.tex
File: pgfcorequick.code.tex 2020/12/27 v3.1.8b (3.1.8b)
) (/usr/share/texlive/texmf-dist/tex/generic/pgf/basiclayer/pgfcoreobjects.code.tex
File: pgfcoreobjects.code.tex 2020/12/27 v3.1.8b (3.1.8b)
) (/usr/share/texlive/texmf-dist/tex/generic/pgf/basiclayer/pgfcorepathprocessing.code.tex
File: pgfcorepathprocessing.code.tex 2020/12/27 v3.1.8b (3.1.8b)
) (/usr/share/texlive/texmf-dist/tex/generic/pgf/basiclayer/pgfcorearrows.code.tex
File: pgfcorearrows.code.tex 2020/12/27 v3.1.8b (3.1.8b)
\pgfarrowsep=\dimen184
) (/usr/share/texlive/texmf-dist/tex/generic/pgf/basiclayer/pgfcoreshade.code.tex
File: pgfcoreshade.code.tex 2020/12/27 v3.1.8b (3.1.8b)
\pgf@max=\dimen185
\pgf@sys@shading@range@num=\count199
\pgf@shadingcount=\count266
) (/usr/share/texlive/texmf-dist/tex/generic/pgf/basiclayer/pgfcoreimage.code.tex
File: pgfcoreimage.code.tex 2020/12/27 v3.1.8b (3.1.8b)
 (/usr/share/texlive/texmf-dist/tex/generic/pgf/basiclayer/pgfcoreexternal.code.tex
File: pgfcoreexternal.code.tex 2020/12/27 v3.1.8b (3.1.8b)
\pgfexternal@startupbox=\box52
)) (/usr/share/texlive/texmf-dist/tex/generic/pgf/basiclayer/pgfcorelayers.code.tex
File: pgfcorelayers.code.tex 2020/12/27 v3.1.8b (3.1.8b)
) (/usr/share/texlive/texmf-dist/tex/generic/pgf/basiclayer/pgfcoretransparency.code.tex
File: pgfcoretransparency.code.tex 2020/12/27 v3.1.8b (3.1.8b)
) (/usr/share/texlive/texmf-dist/tex/generic/pgf/basiclayer/pgfcorepatterns.code.tex
File: pgfcorepatterns.code.tex 2020/12/27 v3.1.8b (3.1.8b)
) (/usr/share/texlive/texmf-dist/tex/generic/pgf/basiclayer/pgfcorerdf.code.tex
File: pgfcorerdf.code.tex 2020/12/27 v3.1.8b (3.1.8b)
))) (/usr/share/texlive/texmf-dist/tex/generic/pgf/modules/pgfmoduleshapes.code.tex
File: pgfmoduleshapes.code.tex 2020/12/27 v3.1.8b (3.1.8b)
\pgfnodeparttextbox=\box53
) (/usr/share/texlive/texmf-dist/tex/generic/pgf/modules/pgfmoduleplot.code.tex
File: pgfmoduleplot.code.tex 2020/12/27 v3.1.8b (3.1.8b)
) (/usr/share/texlive/texmf-dist/tex/latex/pgf/compatibility/pgfcomp-version-0-65.sty
Package: pgfcomp-version-0-65 2020/12/27 v3.1.8b (3.1.8b)
\pgf@nodesepstart=\dimen186
\pgf@nodesepend=\dimen187
) (/usr/share/texlive/texmf-dist/tex/latex/pgf/compatibility/pgfcomp-version-1-18.sty
Package: pgfcomp-version-1-18 2020/12/27 v3.1.8b (3.1.8b)
)) (/usr/share/texlive/texmf-dist/tex/latex/pgf/utilities/pgffor.sty (/usr/share/texlive/texmf-dist/tex/latex/pgf/utilities/pgfkeys.sty (/usr/share/texlive/texmf-dist/tex/generic/pgf/utilities/pgfkeys.code.tex)) (/usr/share/texlive/texmf-dist/tex/latex/pgf/math/pgfmath.sty (/usr/share/texlive/texmf-dist/tex/generic/pgf/math/pgfmath.code.tex)) (/usr/share/texlive/texmf-dist/tex/generic/pgf/utilities/pgffor.code.tex
Package: pgffor 2020/12/27 v3.1.8b (3.1.8b)
 (/usr/share/texlive/texmf-dist/tex/generic/pgf/math/pgfmath.code.tex)
\pgffor@iter=\dimen188
\pgffor@skip=\dimen189
\pgffor@stack=\toks31
\pgffor@toks=\toks32
))
(/usr/share/texlive/texmf-dist/tex/generic/pgf/frontendlayer/tikz/tikz.code.tex
Package: tikz 2020/12/27 v3.1.8b (3.1.8b)
 (/usr/share/texlive/texmf-dist/tex/generic/pgf/libraries/pgflibraryplothandlers.code.tex
File: pgflibraryplothandlers.code.tex 2020/12/27 v3.1.8b (3.1.8b)
\pgf@plot@mark@count=\count267
\pgfplotmarksize=\dimen190
)
\tikz@lastx=\dimen191
\tikz@lasty=\dimen192
\tikz@lastxsaved=\dimen193
\tikz@lastysaved=\dimen194
\tikz@lastmovetox=\dimen195
\tikz@lastmovetoy=\dimen196
\tikzleveldistance=\dimen197
\tikzsiblingdistance=\dimen198
\tikz@figbox=\box54
\tikz@figbox@bg=\box55
\tikz@tempbox=\box56
\tikz@tempbox@bg=\box57
\tikztreelevel=\count268
\tikznumberofchildren=\count269
\tikznumberofcurrentchild=\count270
\tikz@fig@count=\count271
 (/usr/share/texlive/texmf-dist/tex/generic/pgf/modules/pgfmodulematrix.code.tex
File: pgfmodulematrix.code.tex 2020/12/27 v3.1.8b (3.1.8b)
\pgfmatrixcurrentrow=\count272
\pgfmatrixcurrentcolumn=\count273
\pgf@matrix@numberofcolumns=\count274
)
\tikz@expandcount=\count275
 (/usr/share/texlive/texmf-dist/tex/generic/pgf/frontendlayer/tikz/libraries/tikzlibrarytopaths.code.tex
File: tikzlibrarytopaths.code.tex 2020/12/27 v3.1.8b (3.1.8b)
))) (/usr/share/texlive/texmf-dist/tex/generic/pgfplots/pgfplots.code.tex (/usr/share/texlive/texmf-dist/tex/generic/pgfplots/pgfplotscore.code.tex
\t@pgfplots@toka=\toks33
\t@pgfplots@tokb=\toks34
\t@pgfplots@tokc=\toks35
\pgfplots@tmpa=\dimen199
\c@pgfplots@coordindex=\count276
\c@pgfplots@scanlineindex=\count277
 (/usr/share/texlive/texmf-dist/tex/generic/pgfplots/sys/pgfplotssysgeneric.code.tex)) (/usr/share/texlive/texmf-dist/tex/generic/pgfplots/libs/pgfplotslibrary.code.tex) (/usr/share/texlive/texmf-dist/tex/generic/pgfplots/oldpgfcompatib/pgfplotsoldpgfsupp_loader.code.tex (/usr/share/texlive/texmf-dist/tex/generic/pgf/libraries/pgflibraryfpu.code.tex)) (/usr/share/texlive/texmf-dist/tex/generic/pgfplots/util/pgfplotsutil.code.tex (/usr/share/texlive/texmf-dist/tex/generic/pgfplots/liststructure/pgfplotsliststructure.code.tex) (/usr/share/texlive/texmf-dist/tex/generic/pgfplots/liststructure/pgfplotsliststructureext.code.tex) (/usr/share/texlive/texmf-dist/tex/generic/pgfplots/liststructure/pgfplotsarray.code.tex
\c@pgfplotsarray@tmp=\count278
) (/usr/share/texlive/texmf-dist/tex/generic/pgfplots/liststructure/pgfplotsmatrix.code.tex) (/usr/share/texlive/texmf-dist/tex/generic/pgfplots/numtable/pgfplotstableshared.code.tex
\c@pgfplotstable@counta=\count279
\t@pgfplotstable@a=\toks36
) (/usr/share/texlive/texmf-dist/tex/generic/pgfplots/liststructure/pgfplotsdeque.code.tex) (/usr/share/texlive/texmf-dist/tex/generic/pgfplots/util/pgfplotsbinary.code.tex (/usr/share/texlive/texmf-dist/tex/generic/pgfplots/util/pgfplotsbinary.data.code.tex)) (/usr/share/texlive/texmf-dist/tex/generic/pgfplots/util/pgfplotsutil.verb.code.tex) (/usr/share/texlive/texmf-dist/tex/generic/pgfplots/libs/pgflibrarypgfplots.surfshading.code.tex
\c@pgfplotslibrarysurf@no=\count280
 (/usr/share/texlive/texmf-dist/tex/generic/pgfplots/sys/pgflibrarypgfplots.surfshading.pgfsys-pdftex.def)))
(/usr/share/texlive/texmf-dist/tex/generic/pgfplots/util/pgfplotscolormap.code.tex (/usr/share/texlive/texmf-dist/tex/generic/pgfplots/util/pgfplotscolor.code.tex)) (/usr/share/texlive/texmf-dist/tex/generic/pgfplots/pgfplotsstackedplots.code.tex) (/usr/share/texlive/texmf-dist/tex/generic/pgfplots/pgfplotsplothandlers.code.tex (/usr/share/texlive/texmf-dist/tex/generic/pgfplots/pgfplotsmeshplothandler.code.tex (/usr/share/texlive/texmf-dist/tex/generic/pgfplots/pgfplotsmeshplotimage.code.tex))) (/usr/share/texlive/texmf-dist/tex/generic/pgfplots/pgfplots.scaling.code.tex) (/usr/share/texlive/texmf-dist/tex/generic/pgfplots/pgfplotscoordprocessing.code.tex) (/usr/share/texlive/texmf-dist/tex/generic/pgfplots/pgfplots.errorbars.code.tex) (/usr/share/texlive/texmf-dist/tex/generic/pgfplots/pgfplots.markers.code.tex) (/usr/share/texlive/texmf-dist/tex/generic/pgfplots/pgfplotsticks.code.tex) (/usr/share/texlive/texmf-dist/tex/generic/pgfplots/pgfplots.paths.code.tex) (/usr/share/texlive/texmf-dist/tex/generic/pgf/frontendlayer/tikz/libraries/tikzlibrarydecorations.code.tex (/usr/share/texlive/texmf-dist/tex/generic/pgf/modules/pgfmoduledecorations.code.tex
\pgfdecoratedcompleteddistance=\dimen256
\pgfdecoratedremainingdistance=\dimen257
\pgfdecoratedinputsegmentcompleteddistance=\dimen258
\pgfdecoratedinputsegmentremainingdistance=\dimen259
\pgf@decorate@distancetomove=\dimen260
\pgf@decorate@repeatstate=\count281
\pgfdecorationsegmentamplitude=\dimen261
\pgfdecorationsegmentlength=\dimen262
)
\tikz@lib@dec@box=\box58
) (/usr/share/texlive/texmf-dist/tex/generic/pgf/frontendlayer/tikz/libraries/tikzlibrarydecorations.pathmorphing.code.tex (/usr/share/texlive/texmf-dist/tex/generic/pgf/libraries/decorations/pgflibrarydecorations.pathmorphing.code.tex)) (/usr/share/texlive/texmf-dist/tex/generic/pgf/frontendlayer/tikz/libraries/tikzlibrarydecorations.pathreplacing.code.tex (/usr/share/texlive/texmf-dist/tex/generic/pgf/libraries/decorations/pgflibrarydecorations.pathreplacing.code.tex))
\pgfplots@numplots=\count282
\pgfplots@xmin@reg=\dimen263
\pgfplots@xmax@reg=\dimen264
\pgfplots@ymin@reg=\dimen265
\pgfplots@ymax@reg=\dimen266
\pgfplots@zmin@reg=\dimen267
\pgfplots@zmax@reg=\dimen268
) (/usr/share/texlive/texmf-dist/tex/generic/pgf/frontendlayer/tikz/libraries/tikzlibraryplotmarks.code.tex
File: tikzlibraryplotmarks.code.tex 2020/12/27 v3.1.8b (3.1.8b)
 (/usr/share/texlive/texmf-dist/tex/generic/pgf/libraries/pgflibraryplotmarks.code.tex
File: pgflibraryplotmarks.code.tex 2020/12/27 v3.1.8b (3.1.8b)
))) (/usr/share/texlive/texmf-dist/tex/latex/enumitem/enumitem.sty
Package: enumitem 2019/06/20 v3.9 Customized lists
\labelindent=\skip49
\enit@outerparindent=\dimen269
\enit@toks=\toks37
\enit@inbox=\box59
\enit@count@id=\count283
\enitdp@description=\count284
) (/usr/share/texlive/texmf-dist/tex/latex/amsmath/amsmath.sty
Package: amsmath 2020/09/23 v2.17i AMS math features
\@mathmargin=\skip50

For additional information on amsmath, use the `?' option.
(/usr/share/texlive/texmf-dist/tex/latex/amsmath/amstext.sty
Package: amstext 2000/06/29 v2.01 AMS text
 (/usr/share/texlive/texmf-dist/tex/latex/amsmath/amsgen.sty
File: amsgen.sty 1999/11/30 v2.0 generic functions
\@emptytoks=\toks38
\ex@=\dimen270
)) (/usr/share/texlive/texmf-dist/tex/latex/amsmath/amsbsy.sty
Package: amsbsy 1999/11/29 v1.2d Bold Symbols
\pmbraise@=\dimen271
) (/usr/share/texlive/texmf-dist/tex/latex/amsmath/amsopn.sty
Package: amsopn 2016/03/08 v2.02 operator names
)
\inf@bad=\count285
LaTeX Info: Redefining \frac on input line 234.
\uproot@=\count286
\leftroot@=\count287
LaTeX Info: Redefining \overline on input line 399.
\classnum@=\count288
\DOTSCASE@=\count289
LaTeX Info: Redefining \ldots on input line 496.
LaTeX Info: Redefining \dots on input line 499.
LaTeX Info: Redefining \cdots on input line 620.
\Mathstrutbox@=\box60
\strutbox@=\box61
\big@size=\dimen272
LaTeX Font Info:    Redeclaring font encoding OML on input line 743.
LaTeX Font Info:    Redeclaring font encoding OMS on input line 744.
\macc@depth=\count290
\c@MaxMatrixCols=\count291
\dotsspace@=\muskip16
\c@parentequation=\count292
\dspbrk@lvl=\count293
\tag@help=\toks39
\row@=\count294
\column@=\count295
\maxfields@=\count296
\andhelp@=\toks40
\eqnshift@=\dimen273
\alignsep@=\dimen274
\tagshift@=\dimen275
\tagwidth@=\dimen276
\totwidth@=\dimen277
\lineht@=\dimen278
\@envbody=\toks41
\multlinegap=\skip51
\multlinetaggap=\skip52
\mathdisplay@stack=\toks42
LaTeX Info: Redefining \[ on input line 2923.
LaTeX Info: Redefining \] on input line 2924.
) (/usr/share/texlive/texmf-dist/tex/latex/amsfonts/amsfonts.sty
Package: amsfonts 2013/01/14 v3.01 Basic AMSFonts support
\symAMSa=\mathgroup4
\symAMSb=\mathgroup5
LaTeX Font Info:    Redeclaring math symbol \hbar on input line 98.
LaTeX Font Info:    Overwriting math alphabet `\mathfrak' in version `bold'
(Font)                  U/euf/m/n --> U/euf/b/n on input line 106.
) (/usr/share/texlive/texmf-dist/tex/latex/amscls/amsthm.sty
Package: amsthm 2020/05/29 v2.20.6
\thm@style=\toks43
\thm@bodyfont=\toks44
\thm@headfont=\toks45
\thm@notefont=\toks46
\thm@headpunct=\toks47
\thm@preskip=\skip53
\thm@postskip=\skip54
\thm@headsep=\skip55
\dth@everypar=\toks48
) (/usr/share/texlive/texmf-dist/tex/latex/amsfonts/amssymb.sty
Package: amssymb 2013/01/14 v3.01 AMS font symbols
) (/usr/share/texlive/texmf-dist/tex/latex/mathtools/mathtools.sty
Package: mathtools 2020/03/24 v1.24 mathematical typesetting tools
 (/usr/share/texlive/texmf-dist/tex/latex/tools/calc.sty
Package: calc 2017/05/25 v4.3 Infix arithmetic (KKT,FJ)
\calc@Acount=\count297
\calc@Bcount=\count298
\calc@Adimen=\dimen279
\calc@Bdimen=\dimen280
\calc@Askip=\skip56
\calc@Bskip=\skip57
LaTeX Info: Redefining \setlength on input line 80.
LaTeX Info: Redefining \addtolength on input line 81.
\calc@Ccount=\count299
\calc@Cskip=\skip58
) (/usr/share/texlive/texmf-dist/tex/latex/mathtools/mhsetup.sty
Package: mhsetup 2017/03/31 v1.3 programming setup (MH)
)
LaTeX Info: Thecontrolsequence`\('isalreadyrobust on input line 130.
LaTeX Info: Thecontrolsequence`\)'isalreadyrobust on input line 130.
LaTeX Info: Thecontrolsequence`\['isalreadyrobust on input line 130.
LaTeX Info: Thecontrolsequence`\]'isalreadyrobust on input line 130.
\g_MT_multlinerow_int=\count300
\l_MT_multwidth_dim=\dimen281
\origjot=\skip59
\l_MT_shortvdotswithinadjustabove_dim=\dimen282
\l_MT_shortvdotswithinadjustbelow_dim=\dimen283
\l_MT_above_intertext_sep=\dimen284
\l_MT_below_intertext_sep=\dimen285
\l_MT_above_shortintertext_sep=\dimen286
\l_MT_below_shortintertext_sep=\dimen287
\xmathstrut@box=\box62
\xmathstrut@dim=\dimen288
) (/usr/share/texlive/texmf-dist/tex/latex/hyperref/hyperref.sty
Package: hyperref 2020-05-15 v7.00e Hypertext links for LaTeX
 (/usr/share/texlive/texmf-dist/tex/generic/ltxcmds/ltxcmds.sty
Package: ltxcmds 2020-05-10 v1.25 LaTeX kernel commands for general use (HO)
) (/usr/share/texlive/texmf-dist/tex/generic/pdftexcmds/pdftexcmds.sty
Package: pdftexcmds 2020-06-27 v0.33 Utility functions of pdfTeX for LuaTeX (HO)
 (/usr/share/texlive/texmf-dist/tex/generic/infwarerr/infwarerr.sty
Package: infwarerr 2019/12/03 v1.5 Providing info/warning/error messages (HO)
)
Package pdftexcmds Info: \pdf@primitive is available.
Package pdftexcmds Info: \pdf@ifprimitive is available.
Package pdftexcmds Info: \pdfdraftmode found.
) (/usr/share/texlive/texmf-dist/tex/generic/kvsetkeys/kvsetkeys.sty
Package: kvsetkeys 2019/12/15 v1.18 Key value parser (HO)
) (/usr/share/texlive/texmf-dist/tex/generic/kvdefinekeys/kvdefinekeys.sty
Package: kvdefinekeys 2019-12-19 v1.6 Define keys (HO)
) (/usr/share/texlive/texmf-dist/tex/generic/pdfescape/pdfescape.sty
Package: pdfescape 2019/12/09 v1.15 Implements pdfTeX's escape features (HO)
) (/usr/share/texlive/texmf-dist/tex/latex/hycolor/hycolor.sty
Package: hycolor 2020-01-27 v1.10 Color options for hyperref/bookmark (HO)
) (/usr/share/texlive/texmf-dist/tex/latex/letltxmacro/letltxmacro.sty
Package: letltxmacro 2019/12/03 v1.6 Let assignment for LaTeX macros (HO)
) (/usr/share/texlive/texmf-dist/tex/latex/auxhook/auxhook.sty
Package: auxhook 2019-12-17 v1.6 Hooks for auxiliary files (HO)
) (/usr/share/texlive/texmf-dist/tex/latex/kvoptions/kvoptions.sty
Package: kvoptions 2020-10-07 v3.14 Key value format for package options (HO)
)
\@linkdim=\dimen289
\Hy@linkcounter=\count301
\Hy@pagecounter=\count302
 (/usr/share/texlive/texmf-dist/tex/latex/hyperref/pd1enc.def
File: pd1enc.def 2020-05-15 v7.00e Hyperref: PDFDocEncoding definition (HO)
Now handling font encoding PD1 ...
... no UTF-8 mapping file for font encoding PD1
) (/usr/share/texlive/texmf-dist/tex/generic/intcalc/intcalc.sty
Package: intcalc 2019/12/15 v1.3 Expandable calculations with integers (HO)
) (/usr/share/texlive/texmf-dist/tex/generic/etexcmds/etexcmds.sty
Package: etexcmds 2019/12/15 v1.7 Avoid name clashes with e-TeX commands (HO)
)
\Hy@SavedSpaceFactor=\count303
Package hyperref Info: Hyper figures OFF on input line 4464.
Package hyperref Info: Link nesting OFF on input line 4469.
Package hyperref Info: Hyper index ON on input line 4472.
Package hyperref Info: Plain pages OFF on input line 4479.
Package hyperref Info: Backreferencing OFF on input line 4484.
Package hyperref Info: Implicit mode ON; LaTeX internals redefined.
Package hyperref Info: Bookmarks ON on input line 4717.
\c@Hy@tempcnt=\count304
 (/usr/share/texlive/texmf-dist/tex/latex/url/url.sty
\Urlmuskip=\muskip17
Package: url 2013/09/16  ver 3.4  Verb mode for urls, etc.
)
LaTeX Info: Redefining \url on input line 5076.
\XeTeXLinkMargin=\dimen290
 (/usr/share/texlive/texmf-dist/tex/generic/bitset/bitset.sty
Package: bitset 2019/12/09 v1.3 Handle bit-vector datatype (HO)
 (/usr/share/texlive/texmf-dist/tex/generic/bigintcalc/bigintcalc.sty
Package: bigintcalc 2019/12/15 v1.5 Expandable calculations on big integers (HO)
))
\Fld@menulength=\count305
\Field@Width=\dimen291
\Fld@charsize=\dimen292
Package hyperref Info: Hyper figures OFF on input line 6347.
Package hyperref Info: Link nesting OFF on input line 6352.
Package hyperref Info: Hyper index ON on input line 6355.
Package hyperref Info: backreferencing OFF on input line 6362.
Package hyperref Info: Link coloring OFF on input line 6367.
Package hyperref Info: Link coloring with OCG OFF on input line 6372.
Package hyperref Info: PDF/A mode OFF on input line 6377.
LaTeX Info: Redefining \ref on input line 6417.
LaTeX Info: Redefining \pageref on input line 6421.
 (/usr/share/texlive/texmf-dist/tex/latex/base/atbegshi-ltx.sty
Package: atbegshi-ltx 2020/08/17 v1.0a Emulation of the original atbegshi package
with kernel methods
)
\Hy@abspage=\count306
\c@Item=\count307
\c@Hfootnote=\count308
)
Package hyperref Info: Driver (autodetected): hpdftex.
 (/usr/share/texlive/texmf-dist/tex/latex/hyperref/hpdftex.def
File: hpdftex.def 2020-05-15 v7.00e Hyperref driver for pdfTeX
 (/usr/share/texlive/texmf-dist/tex/latex/base/atveryend-ltx.sty
Package: atveryend-ltx 2020/08/19 v1.0a Emulation of the original atvery package
with kernel methods
)
\Fld@listcount=\count309
\c@bookmark@seq@number=\count310
 (/usr/share/texlive/texmf-dist/tex/latex/rerunfilecheck/rerunfilecheck.sty
Package: rerunfilecheck 2019/12/05 v1.9 Rerun checks for auxiliary files (HO)

(/usr/share/texlive/texmf-dist/tex/generic/uniquecounter/uniquecounter.sty
Package: uniquecounter 2019/12/15 v1.4 Provide unlimited unique counter (HO)
)
Package uniquecounter Info: New unique counter `rerunfilecheck' on input line 286.
)
\Hy@SectionHShift=\skip60
) (/usr/share/texlive/texmf-dist/tex/latex/wrapfig/wrapfig.sty
\wrapoverhang=\dimen293
\WF@size=\dimen294
\c@WF@wrappedlines=\count311
\WF@box=\box63
\WF@everypar=\toks49
Package: wrapfig 2003/01/31  v 3.6
) (/usr/share/texlive/texmf-dist/tex/latex/adjustbox/adjustbox.sty
Package: adjustbox 2020/08/19 v1.3 Adjusting TeX boxes (trim, clip, ...)
 (/usr/share/texlive/texmf-dist/tex/latex/xkeyval/xkeyval.sty
Package: xkeyval 2020/11/20 v2.8 package option processing (HA)
 (/usr/share/texlive/texmf-dist/tex/generic/xkeyval/xkeyval.tex (/usr/share/texlive/texmf-dist/tex/generic/xkeyval/xkvutils.tex
\XKV@toks=\toks50
\XKV@tempa@toks=\toks51
)
\XKV@depth=\count312
File: xkeyval.tex 2014/12/03 v2.7a key=value parser (HA)
)) (/usr/share/texlive/texmf-dist/tex/latex/adjustbox/adjcalc.sty
Package: adjcalc 2012/05/16 v1.1 Provides advanced setlength with multiple back-ends (calc, etex, pgfmath)
) (/usr/share/texlive/texmf-dist/tex/latex/adjustbox/trimclip.sty
Package: trimclip 2020/08/19 v1.2 Trim and clip general TeX material
 (/usr/share/texlive/texmf-dist/tex/latex/collectbox/collectbox.sty
Package: collectbox 2012/05/17 v0.4b Collect macro arguments as boxes
\collectedbox=\box64
)
\tc@llx=\dimen295
\tc@lly=\dimen296
\tc@urx=\dimen297
\tc@ury=\dimen298
Package trimclip Info: Using driver 'tc-pdftex.def'.
 (/usr/share/texlive/texmf-dist/tex/latex/adjustbox/tc-pdftex.def
File: tc-pdftex.def 2019/01/04 v2.2 Clipping driver for pdftex
))
\adjbox@Width=\dimen299
\adjbox@Height=\dimen300
\adjbox@Depth=\dimen301
\adjbox@Totalheight=\dimen302
\adjbox@pwidth=\dimen303
\adjbox@pheight=\dimen304
\adjbox@pdepth=\dimen305
\adjbox@ptotalheight=\dimen306
 (/usr/share/texlive/texmf-dist/tex/latex/ifoddpage/ifoddpage.sty
Package: ifoddpage 2016/04/23 v1.1 Conditionals for odd/even page detection
\c@checkoddpage=\count313
) (/usr/share/texlive/texmf-dist/tex/latex/varwidth/varwidth.sty
Package: varwidth 2009/03/30 ver 0.92;  Variable-width minipages
\@vwid@box=\box65
\sift@deathcycles=\count314
\@vwid@loff=\dimen307
\@vwid@roff=\dimen308
)) (/usr/share/texlive/texmf-dist/tex/latex/tikz-cd/tikz-cd.sty
Package: tikz-cd 2018/11/19 v0.9f Commutative diagrams with TikZ
 (/usr/share/texlive/texmf-dist/tex/generic/tikz-cd/tikzlibrarycd.code.tex (/usr/share/texlive/texmf-dist/tex/generic/pgf/frontendlayer/tikz/libraries/tikzlibrarymatrix.code.tex
File: tikzlibrarymatrix.code.tex 2020/12/27 v3.1.8b (3.1.8b)
) (/usr/share/texlive/texmf-dist/tex/generic/pgf/frontendlayer/tikz/libraries/tikzlibraryquotes.code.tex
File: tikzlibraryquotes.code.tex 2020/12/27 v3.1.8b (3.1.8b)
) (/usr/share/texlive/texmf-dist/tex/generic/pgf/libraries/pgflibraryarrows.meta.code.tex
File: pgflibraryarrows.meta.code.tex 2020/12/27 v3.1.8b (3.1.8b)
\pgfarrowinset=\dimen309
\pgfarrowlength=\dimen310
\pgfarrowwidth=\dimen311
\pgfarrowlinewidth=\dimen312
))) (./quiver.sty
Package: quiver 2021/01/11 quiver
 (/usr/share/texlive/texmf-dist/tex/generic/pgf/frontendlayer/tikz/libraries/tikzlibrarycalc.code.tex
File: tikzlibrarycalc.code.tex 2020/12/27 v3.1.8b (3.1.8b)
)) (/usr/share/texlive/texmf-dist/tex/latex/biblatex/biblatex.sty
Package: biblatex 2020/12/31 v3.16 programmable bibliographies (PK/MW)
 (/usr/share/texlive/texmf-dist/tex/latex/etoolbox/etoolbox.sty
Package: etoolbox 2020/10/05 v2.5k e-TeX tools for LaTeX (JAW)
\etb@tempcnta=\count315
) (/usr/share/texlive/texmf-dist/tex/latex/logreq/logreq.sty
Package: logreq 2010/08/04 v1.0 xml request logger
\lrq@indent=\count316
 (/usr/share/texlive/texmf-dist/tex/latex/logreq/logreq.def
File: logreq.def 2010/08/04 v1.0 logreq spec v1.0
)) (/usr/share/texlive/texmf-dist/tex/latex/base/ifthen.sty
Package: ifthen 2014/09/29 v1.1c Standard LaTeX ifthen package (DPC)
)
\c@tabx@nest=\count317
\c@listtotal=\count318
\c@listcount=\count319
\c@liststart=\count320
\c@liststop=\count321
\c@citecount=\count322
\c@citetotal=\count323
\c@multicitecount=\count324
\c@multicitetotal=\count325
\c@instcount=\count326
\c@maxnames=\count327
\c@minnames=\count328
\c@maxitems=\count329
\c@minitems=\count330
\c@citecounter=\count331
\c@maxcitecounter=\count332
\c@savedcitecounter=\count333
\c@uniquelist=\count334
\c@uniquename=\count335
\c@refsection=\count336
\c@refsegment=\count337
\c@maxextratitle=\count338
\c@maxextratitleyear=\count339
\c@maxextraname=\count340
\c@maxextradate=\count341
\c@maxextraalpha=\count342
\c@abbrvpenalty=\count343
\c@highnamepenalty=\count344
\c@lownamepenalty=\count345
\c@maxparens=\count346
\c@parenlevel=\count347
\blx@tempcnta=\count348
\blx@tempcntb=\count349
\blx@tempcntc=\count350
\blx@maxsection=\count351
\blx@maxsegment@0=\count352
\blx@notetype=\count353
\blx@parenlevel@text=\count354
\blx@parenlevel@foot=\count355
\blx@sectionciteorder@0=\count356
\blx@entrysetcounter=\count357
\blx@biblioinstance=\count358
\labelnumberwidth=\skip61
\labelalphawidth=\skip62
\biblabelsep=\skip63
\bibitemsep=\skip64
\bibnamesep=\skip65
\bibinitsep=\skip66
\bibparsep=\skip67
\bibhang=\skip68
\blx@bcfin=\read4
\blx@bcfout=\write4
\blx@langwohyphens=\language3
\c@mincomprange=\count359
\c@maxcomprange=\count360
\c@mincompwidth=\count361
Package biblatex Info: Trying to load biblatex default data model...
Package biblatex Info: ... file 'blx-dm.def' found.
 (/usr/share/texlive/texmf-dist/tex/latex/biblatex/blx-dm.def
File: blx-dm.def 2020/12/31 v3.16 biblatex localization (PK/MW)
)
Package biblatex Info: Trying to load biblatex custom data model...
Package biblatex Info: ... file 'biblatex-dm.cfg' not found.
\c@afterword=\count362
\c@savedafterword=\count363
\c@annotator=\count364
\c@savedannotator=\count365
\c@author=\count366
\c@savedauthor=\count367
\c@bookauthor=\count368
\c@savedbookauthor=\count369
\c@commentator=\count370
\c@savedcommentator=\count371
\c@editor=\count372
\c@savededitor=\count373
\c@editora=\count374
\c@savededitora=\count375
\c@editorb=\count376
\c@savededitorb=\count377
\c@editorc=\count378
\c@savededitorc=\count379
\c@foreword=\count380
\c@savedforeword=\count381
\c@holder=\count382
\c@savedholder=\count383
\c@introduction=\count384
\c@savedintroduction=\count385
\c@namea=\count386
\c@savednamea=\count387
\c@nameb=\count388
\c@savednameb=\count389
\c@namec=\count390
\c@savednamec=\count391
\c@translator=\count392
\c@savedtranslator=\count393
\c@shortauthor=\count394
\c@savedshortauthor=\count395
\c@shorteditor=\count396
\c@savedshorteditor=\count397
\c@labelname=\count398
\c@savedlabelname=\count399
\c@institution=\count400
\c@savedinstitution=\count401
\c@lista=\count402
\c@savedlista=\count403
\c@listb=\count404
\c@savedlistb=\count405
\c@listc=\count406
\c@savedlistc=\count407
\c@listd=\count408
\c@savedlistd=\count409
\c@liste=\count410
\c@savedliste=\count411
\c@listf=\count412
\c@savedlistf=\count413
\c@location=\count414
\c@savedlocation=\count415
\c@organization=\count416
\c@savedorganization=\count417
\c@origlocation=\count418
\c@savedoriglocation=\count419
\c@origpublisher=\count420
\c@savedorigpublisher=\count421
\c@publisher=\count422
\c@savedpublisher=\count423
\c@language=\count424
\c@savedlanguage=\count425
\c@origlanguage=\count426
\c@savedoriglanguage=\count427
\c@pageref=\count428
\c@savedpageref=\count429
\shorthandwidth=\skip69
\shortjournalwidth=\skip70
\shortserieswidth=\skip71
\shorttitlewidth=\skip72
\shortauthorwidth=\skip73
\shorteditorwidth=\skip74
\locallabelnumberwidth=\skip75
\locallabelalphawidth=\skip76
\localshorthandwidth=\skip77
\localshortjournalwidth=\skip78
\localshortserieswidth=\skip79
\localshorttitlewidth=\skip80
\localshortauthorwidth=\skip81
\localshorteditorwidth=\skip82
Package biblatex Info: Trying to load compatibility code...
Package biblatex Info: ... file 'blx-compat.def' found.
 (/usr/share/texlive/texmf-dist/tex/latex/biblatex/blx-compat.def
File: blx-compat.def 2020/12/31 v3.16 biblatex compatibility (PK/MW)
)
Package biblatex Info: Trying to load generic definitions...
Package biblatex Info: ... file 'biblatex.def' found.
 (/usr/share/texlive/texmf-dist/tex/latex/biblatex/biblatex.def
File: biblatex.def 2020/12/31 v3.16 biblatex compatibility (PK/MW)
\c@textcitecount=\count430
\c@textcitetotal=\count431
\c@textcitemaxnames=\count432
\c@biburlbigbreakpenalty=\count433
\c@biburlbreakpenalty=\count434
\c@biburlnumpenalty=\count435
\c@biburlucpenalty=\count436
\c@biburllcpenalty=\count437
\biburlbigskip=\muskip18
\biburlnumskip=\muskip19
\biburlucskip=\muskip20
\biburllcskip=\muskip21
\c@smartand=\count438
)
Package biblatex Info: Trying to load bibliography style 'numeric'...
Package biblatex Info: ... file 'numeric.bbx' found.
 (/usr/share/texlive/texmf-dist/tex/latex/biblatex/bbx/numeric.bbx
File: numeric.bbx 2020/12/31 v3.16 biblatex bibliography style (PK/MW)
Package biblatex Info: Trying to load bibliography style 'standard'...
Package biblatex Info: ... file 'standard.bbx' found.
 (/usr/share/texlive/texmf-dist/tex/latex/biblatex/bbx/standard.bbx
File: standard.bbx 2020/12/31 v3.16 biblatex bibliography style (PK/MW)
\c@bbx:relatedcount=\count439
\c@bbx:relatedtotal=\count440
))
Package biblatex Info: Trying to load citation style 'numeric'...
Package biblatex Info: ... file 'numeric.cbx' found.

(/usr/share/texlive/texmf-dist/tex/latex/biblatex/cbx/numeric.cbx
File: numeric.cbx 2020/12/31 v3.16 biblatex citation style (PK/MW)
Package biblatex Info: Redefining '\cite'.
Package biblatex Info: Redefining '\parencite'.
Package biblatex Info: Redefining '\footcite'.
Package biblatex Info: Redefining '\footcitetext'.
Package biblatex Info: Redefining '\smartcite'.
Package biblatex Info: Redefining '\supercite'.
Package biblatex Info: Redefining '\textcite'.
Package biblatex Info: Redefining '\textcites'.
Package biblatex Info: Redefining '\cites'.
Package biblatex Info: Redefining '\parencites'.
Package biblatex Info: Redefining '\smartcites'.
)
Package biblatex Info: Trying to load configuration file...
Package biblatex Info: ... file 'biblatex.cfg' found.
 (/usr/share/texlive/texmf-dist/tex/latex/biblatex/biblatex.cfg
File: biblatex.cfg 
)) (/usr/share/texlive/texmf-dist/tex/generic/pgf/frontendlayer/tikz/libraries/tikzlibrarypositioning.code.tex
File: tikzlibrarypositioning.code.tex 2020/12/27 v3.1.8b (3.1.8b)
) (./Library/Fonts/BlackboardBold.tex) (./Library/Fonts/MathCalligraphy.tex)

./Topology.tex:34: LaTeX Error: Command \bbar undefined.

See the LaTeX manual or LaTeX Companion for explanation.
Type  H <return>  for immediate help.
 ...                                              
                                                  
l.34 \renewcommand{\bbar}
                         [1]{\underline{#1}}
Try typing  <return>  to proceed.
If that doesn't work, type  X <return>  to quit.

\c@theorem=\count441
\c@axiom=\count442
\c@postulate=\count443
\c@conjecture=\count444
\c@example=\count445
\@quotelevel=\count446
\@quotereset=\count447
(/usr/share/texlive/texmf-dist/tex/latex/l3backend/l3backend-pdftex.def
File: l3backend-pdftex.def 2020-01-29 L3 backend support: PDF output (pdfTeX)
\l__color_backend_stack_int=\count448
\l__pdf_internal_box=\box66
) (./Topology.aux

LaTeX Warning: Label `1.2.4' multiply defined.


LaTeX Warning: Label `fig_2.4' multiply defined.


LaTeX Warning: Label `2.2.3' multiply defined.

)
\openout1 = `Topology.aux'.

LaTeX Font Info:    Checking defaults for OML/cmm/m/it on input line 77.
LaTeX Font Info:    ... okay on input line 77.
LaTeX Font Info:    Checking defaults for OMS/cmsy/m/n on input line 77.
LaTeX Font Info:    ... okay on input line 77.
LaTeX Font Info:    Checking defaults for OT1/cmr/m/n on input line 77.
LaTeX Font Info:    ... okay on input line 77.
LaTeX Font Info:    Checking defaults for T1/cmr/m/n on input line 77.
LaTeX Font Info:    ... okay on input line 77.
LaTeX Font Info:    Checking defaults for TS1/cmr/m/n on input line 77.
LaTeX Font Info:    ... okay on input line 77.
LaTeX Font Info:    Checking defaults for OMX/cmex/m/n on input line 77.
LaTeX Font Info:    ... okay on input line 77.
LaTeX Font Info:    Checking defaults for U/cmr/m/n on input line 77.
LaTeX Font Info:    ... okay on input line 77.
LaTeX Font Info:    Checking defaults for PD1/pdf/m/n on input line 77.
LaTeX Font Info:    ... okay on input line 77.

*geometry* driver: auto-detecting
*geometry* detected driver: pdftex
*geometry* verbose mode - [ preamble ] result:
* driver: pdftex
* paper: <default>
* layout: <same size as paper>
* layoutoffset:(h,v)=(0.0pt,0.0pt)
* modes: twoside 
* h-part:(L,W,R)=(72.26999pt, 469.75502pt, 72.26999pt)
* v-part:(T,H,B)=(72.26999pt, 650.43001pt, 72.26999pt)
* \paperwidth=614.295pt
* \paperheight=794.96999pt
* \textwidth=469.75502pt
* \textheight=650.43001pt
* \oddsidemargin=0.0pt
* \evensidemargin=0.0pt
* \topmargin=-31.8738pt
* \headheight=12.0pt
* \headsep=19.8738pt
* \topskip=12.0pt
* \footskip=30.0pt
* \marginparwidth=98.0pt
* \marginparsep=7.0pt
* \columnsep=10.0pt
* \skip\footins=10.8pt plus 4.0pt minus 2.0pt
* \hoffset=0.0pt
* \voffset=0.0pt
* \mag=1000
* \@twocolumnfalse
* \@twosidetrue
* \@mparswitchtrue
* \@reversemarginfalse
* (1in=72.27pt=25.4mm, 1cm=28.453pt)

(/usr/share/texlive/texmf-dist/tex/context/base/mkii/supp-pdf.mkii
[Loading MPS to PDF converter (version 2006.09.02).]
\scratchcounter=\count449
\scratchdimen=\dimen313
\scratchbox=\box67
\nofMPsegments=\count450
\nofMParguments=\count451
\everyMPshowfont=\toks52
\MPscratchCnt=\count452
\MPscratchDim=\dimen314
\MPnumerator=\count453
\makeMPintoPDFobject=\count454
\everyMPtoPDFconversion=\toks53
) (/usr/share/texlive/texmf-dist/tex/latex/epstopdf-pkg/epstopdf-base.sty
Package: epstopdf-base 2020-01-24 v2.11 Base part for package epstopdf
 (/usr/share/texlive/texmf-dist/tex/latex/grfext/grfext.sty
Package: grfext 2019/12/03 v1.3 Manage graphics extensions (HO)
)
Package epstopdf-base Info: Redefining graphics rule for `.eps' on input line 485.
Package grfext Info: Graphics extension search list:
(grfext)             [.pdf,.png,.jpg,.mps,.jpeg,.jbig2,.jb2,.PDF,.PNG,.JPG,.JPEG,.JBIG2,.JB2,.eps]
(grfext)             \AppendGraphicsExtensions on input line 504.
 (/usr/share/texlive/texmf-dist/tex/latex/latexconfig/epstopdf-sys.cfg
File: epstopdf-sys.cfg 2010/07/13 v1.3 Configuration of (r)epstopdf for TeX Live
))
Package pgfplots notification 'compat/show suggested version=true': you might benefit from \pgfplotsset{compat=1.17} (current compat level: 1.12).

Package hyperref Info: Link coloring OFF on input line 77.
(/usr/share/texlive/texmf-dist/tex/latex/hyperref/nameref.sty
Package: nameref 2019/09/16 v2.46 Cross-referencing by name of section
 (/usr/share/texlive/texmf-dist/tex/latex/refcount/refcount.sty
Package: refcount 2019/12/15 v3.6 Data extraction from label references (HO)
) (/usr/share/texlive/texmf-dist/tex/generic/gettitlestring/gettitlestring.sty
Package: gettitlestring 2019/12/15 v1.6 Cleanup title references (HO)
)
\c@section@level=\count455
)
LaTeX Info: Redefining \ref on input line 77.
LaTeX Info: Redefining \pageref on input line 77.
LaTeX Info: Redefining \nameref on input line 77.
 (./Topology.out) (./Topology.out)
\@outlinefile=\write5
\openout5 = `Topology.out'.

Package biblatex Info: Trying to load language 'english'...
Package biblatex Info: ... file 'english.lbx' found.
 (/usr/share/texlive/texmf-dist/tex/latex/biblatex/lbx/english.lbx
File: english.lbx 2020/12/31 v3.16 biblatex localization (PK/MW)
)
Package biblatex Info: Input encoding 'utf8' detected.
Package biblatex Info: Automatic encoding selection.
(biblatex)             Assuming data encoding 'utf8'.
Package biblatex Info: Document encoding is UTF8 ....
 (/usr/share/texlive/texmf-dist/tex/latex/l3kernel/expl3.sty
Package: expl3 2021-01-09 L3 programming layer (loader) 
)
Package biblatex Info: ... and expl3
(biblatex)             2021-01-09 L3 programming layer (loader) 
(biblatex)             is new enough (at least 2020/04/06),
(biblatex)             setting 'casechanger=expl3'.
 (/usr/share/texlive/texmf-dist/tex/latex/biblatex/blx-case-expl3.sty (/usr/share/texlive/texmf-dist/tex/latex/l3packages/xparse/xparse.sty
Package: xparse 2020-10-27 L3 Experimental document command parser
 (/usr/share/texlive/texmf-dist/tex/latex/l3packages/xparse/xparse-generic.tex))
Package: blx-case-expl3 2020/12/31 v3.16 expl3 case changing code for biblatex
)
\openout4 = `Topology.bcf'.

Package biblatex Info: Trying to load bibliographic data...
Package biblatex Info: ... file 'Topology.bbl' found.
 (./Topology.bbl)
Package biblatex Info: Reference section=0 on input line 77.
Package biblatex Info: Reference segment=0 on input line 77.
LaTeX Font Info:    Trying to load font information for U+msa on input line 80.
 (/usr/share/texlive/texmf-dist/tex/latex/amsfonts/umsa.fd
File: umsa.fd 2013/01/14 v3.01 AMS symbols A
)
LaTeX Font Info:    Trying to load font information for U+msb on input line 80.
 (/usr/share/texlive/texmf-dist/tex/latex/amsfonts/umsb.fd
File: umsb.fd 2013/01/14 v3.01 AMS symbols B
) [1


{/var/lib/texmf/fonts/map/pdftex/updmap/pdftex.map}] (./Chapters/Chapter1/chapter1.tex [2

]
Chapter 1.
(./Chapters/Chapter1/Section1/section1.tex
<Figures/Chapter1/topologiesOn3Points.png, id=91, 1020.6933pt x 484.209pt>
File: Figures/Chapter1/topologiesOn3Points.png Graphic file (type png)
<use Figures/Chapter1/topologiesOn3Points.png>
Package pdftex.def Info: Figures/Chapter1/topologiesOn3Points.png  used on input line 31.
(pdftex.def)             Requested size: 306.21036pt x 145.26381pt.
 [3 <./Figures/Chapter1/topologiesOn3Points.png>]) (./Chapters/Chapter1/Section2/section2.tex
<Figures/Chapter1/basesOfCircularRectangularRegions.png, id=110, 630.9171pt x 474.3321pt>
File: Figures/Chapter1/basesOfCircularRectangularRegions.png Graphic file (type png)
<use Figures/Chapter1/basesOfCircularRectangularRegions.png>
Package pdftex.def Info: Figures/Chapter1/basesOfCircularRectangularRegions.png  used on input line 56.
(pdftex.def)             Requested size: 189.27658pt x 142.30072pt.


LaTeX Warning: `h' float specifier changed to `ht'.

[4] [5 <./Figures/Chapter1/basesOfCircularRectangularRegions.png>]
./Chapters/Chapter1/Section2/section2.tex:128: Undefined control sequence.
l.128      $x \leq a$, thus  $\R \subsets
                                          \R_l$; a similar argument holds fo...
The control sequence at the end of the top line
of your error message was never \def'ed. If you have
misspelled it (e.g., `\hobx'), type `I' and the correct
spelling (e.g., `I\hbox'). Otherwise just continue,
and I'll forget about whatever was undefined.

) (./Chapters/Chapter1/Section3/section3.tex [6]
<Figures/Chapter1/orderTopologyOnRxR.png, id=151, 831.3459pt x 367.1316pt>
File: Figures/Chapter1/orderTopologyOnRxR.png Graphic file (type png)
<use Figures/Chapter1/orderTopologyOnRxR.png>
Package pdftex.def Info: Figures/Chapter1/orderTopologyOnRxR.png  used on input line 56.
(pdftex.def)             Requested size: 249.40569pt x 110.14032pt.
 [7 <./Figures/Chapter1/orderTopologyOnRxR.png>]) (./Chapters/Chapter1/Section4/section4.tex
Overfull \hbox (74.97047pt too wide) in paragraph at lines 8--11
\OT1/cmr/m/n/12 to be the topol-ogy hav-ing as ba-sis the col-lec-tion $\OMS/cmsy/m/n/12 B \OT1/cmr/m/n/12 = \OMS/cmsy/m/n/12 f\OML/cmm/m/it/12 U \OMS/cmsy/m/n/12 ^^B \OML/cmm/m/it/12 V \OMS/cmsy/m/n/12 ^^R \OML/cmm/m/it/12 X \OMS/cmsy/m/n/12 ^^B \OML/cmm/m/it/12 Y \OT1/cmr/m/n/12 : \OML/cmm/m/it/12 U[]X[]V[]Y\OMS/cmsy/m/n/12 g$\OT1/cmr/m/n/12 . 
 []

<Figures/Chapter1/interiorOfRectangle.png, id=166, 681.2652pt x 309.5565pt>
File: Figures/Chapter1/interiorOfRectangle.png Graphic file (type png)
<use Figures/Chapter1/interiorOfRectangle.png>
Package pdftex.def Info: Figures/Chapter1/interiorOfRectangle.png  used on input line 49.
(pdftex.def)             Requested size: 340.63176pt x 154.77786pt.

LaTeX Warning: `h' float specifier changed to `ht'.


Overfull \hbox (1.10599pt too wide) in paragraph at lines 66--68
[][]\OT1/cmr/bx/n/12 Theorem 1.4.3. []\OT1/cmr/m/it/12 The col-lec-tion $\OMS/cmsy/m/n/12 S \OT1/cmr/m/n/12 = \OMS/cmsy/m/n/12 f\OML/cmm/m/it/12 ^^Y[]\OT1/cmr/m/n/12 (\OML/cmm/m/it/12 U\OT1/cmr/m/n/12 ) : \OML/cmm/m/it/12 U[]X\OMS/cmsy/m/n/12 g [ f\OML/cmm/m/it/12 ^^Y[]\OT1/cmr/m/n/12 (\OML/cmm/m/it/12 V\OT1/cmr/m/n/12 ) : \OML/cmm/m/it/12 V[]Y\OMS/cmsy/m/n/12 g$
 []

[8]
<Figures/Chapter1/projections.png, id=176, 306.4248pt x 284.0211pt>
File: Figures/Chapter1/projections.png Graphic file (type png)
<use Figures/Chapter1/projections.png>
Package pdftex.def Info: Figures/Chapter1/projections.png  used on input line 79.
(pdftex.def)             Requested size: 153.21202pt x 142.0102pt.
) (./Chapters/Chapter1/Section5/section5.tex [9 <./Figures/Chapter1/interiorOfRectangle.png> <./Figures/Chapter1/projections.png>] [10]
<Figures/Chapter1/ConvexSeAndNonConvexSet.png, id=199, 1864.566pt x 884.3439pt>
File: Figures/Chapter1/ConvexSeAndNonConvexSet.png Graphic file (type png)
<use Figures/Chapter1/ConvexSeAndNonConvexSet.png>
Package pdftex.def Info: Figures/Chapter1/ConvexSeAndNonConvexSet.png  used on input line 101.
(pdftex.def)             Requested size: 559.37411pt x 265.3052pt.

Overfull \hbox (89.6191pt too wide) in paragraph at lines 101--102
 [][] 
 []

./Chapters/Chapter1/Section5/section5.tex:116: Undefined control sequence.
l.116     Consider $(a, \intfy
                              ) \subseteq X$. If  $a \in Y$, then  $(a,\inft...
The control sequence at the end of the top line
of your error message was never \def'ed. If you have
misspelled it (e.g., `\hobx'), type `I' and the correct
spelling (e.g., `I\hbox'). Otherwise just continue,
and I'll forget about whatever was undefined.

./Chapters/Chapter1/Section5/section5.tex:121: Undefined control sequence.
l.121     Since $(a, \infty) \cao
                                  Y$ and  $(-\infty,a) \cap Y$ form a subbas...
The control sequence at the end of the top line
of your error message was never \def'ed. If you have
misspelled it (e.g., `\hobx'), type `I' and the correct
spelling (e.g., `I\hbox'). Otherwise just continue,
and I'll forget about whatever was undefined.

<Figures/Chapter1/upperAndLowerBoundsOfDomains.png, id=200, 1611.621pt x 764.3757pt>
File: Figures/Chapter1/upperAndLowerBoundsOfDomains.png Graphic file (type png)
<use Figures/Chapter1/upperAndLowerBoundsOfDomains.png>
Package pdftex.def Info: Figures/Chapter1/upperAndLowerBoundsOfDomains.png  used on input line 132.
(pdftex.def)             Requested size: 322.3185pt x 152.87242pt.

LaTeX Warning: `h' float specifier changed to `ht'.

) (./Chapters/Chapter1/Section6/section6.tex [11 <./Figures/Chapter1/convexSeAndNonConvexSet.png>] [12 <./Figures/Chapter1/upperAndLowerBoundsOfDomains.png>] [13]
./Chapters/Chapter1/Section6/section6.tex:197: Argument of \com has an extra }.
<inserted text> 
                \par 
l.197 ...        [0,1]=\cl{(0,1]}=\cl{\com{[0,1]}}
                                                  {\{0\}}$, so $0$ is a limit
I've run across a `}' that doesn't seem to match anything.
For example, `\def\a#1{...}' and `\a}' would produce
this error. If you simply proceed now, the `\par' that
I've just inserted will cause me to report a runaway
argument that might be the root of the problem. But if
your `}' was spurious, just type `2' and it will go away.

Runaway argument?
./Chapters/Chapter1/Section6/section6.tex:197: Paragraph ended before \com was complete.
<to be read again> 
                   \par 
l.197 ...        [0,1]=\cl{(0,1]}=\cl{\com{[0,1]}}
                                                  {\{0\}}$, so $0$ is a limit
I suspect you've forgotten a `}', causing me to apply this
control sequence to too much text. How can we recover?
My plan is to forget the whole thing and hope for the best.

./Chapters/Chapter1/Section6/section6.tex:197: Missing $ inserted.
<inserted text> 
                $
l.197 ...        [0,1]=\cl{(0,1]}=\cl{\com{[0,1]}}
                                                  {\{0\}}$, so $0$ is a limit
I've inserted a begin-math/end-math symbol since I think
you left one out. Proceed, with fingers crossed.

./Chapters/Chapter1/Section6/section6.tex:197: Missing } inserted.
<inserted text> 
                }
l.197 ...        [0,1]=\cl{(0,1]}=\cl{\com{[0,1]}}
                                                  {\{0\}}$, so $0$ is a limit
I've inserted something that you may have forgotten.
(See the <inserted text> above.)
With luck, this will get me unwedged. But if you
really didn't forget anything, try typing `2' now; then
my insertion and my current dilemma will both disappear.

./Chapters/Chapter1/Section6/section6.tex:197: Missing } inserted.
<inserted text> 
                }
l.197 ...        [0,1]=\cl{(0,1]}=\cl{\com{[0,1]}}
                                                  {\{0\}}$, so $0$ is a limit
I've inserted something that you may have forgotten.
(See the <inserted text> above.)
With luck, this will get me unwedged. But if you
really didn't forget anything, try typing `2' now; then
my insertion and my current dilemma will both disappear.

./Chapters/Chapter1/Section6/section6.tex:197: Extra }, or forgotten \endgroup.
\par ...m \@noitemerr {\@@par }\fi \else {\@@par }
                                                  \fi 
l.197 ...        [0,1]=\cl{(0,1]}=\cl{\com{[0,1]}}
                                                  {\{0\}}$, so $0$ is a limit
I've deleted a group-closing symbol because it seems to be
spurious, as in `$x}$'. But perhaps the } is legitimate and
you forgot something else, as in `\hbox{$x}'. In such cases
the way to recover is to insert both the forgotten and the
deleted material, e.g., by typing `I$}'.

./Chapters/Chapter1/Section6/section6.tex:197: Extra }, or forgotten \endgroup.
<recently read> }
                 
l.197 ...        [0,1]=\cl{(0,1]}=\cl{\com{[0,1]}}
                                                  {\{0\}}$, so $0$ is a limit
I've deleted a group-closing symbol because it seems to be
spurious, as in `$x}$'. But perhaps the } is legitimate and
you forgot something else, as in `\hbox{$x}'. In such cases
the way to recover is to insert both the forgotten and the
deleted material, e.g., by typing `I$}'.

LaTeX Font Info:    Trying to load font information for OMS+cmr on input line 197.
(/usr/share/texlive/texmf-dist/tex/latex/base/omscmr.fd
File: omscmr.fd 2019/12/16 v2.5j Standard LaTeX font definitions
)
LaTeX Font Info:    Font shape `OMS/cmr/m/n' in size <12> not available
(Font)              Font shape `OMS/cmsy/m/n' tried instead on input line 197.

./Chapters/Chapter1/Section6/section6.tex:198: Missing $ inserted.
<inserted text> 
                $
l.198 ...1]$, the same can be said for any  $x \in
                                                   (0,1]$.		
I've inserted a begin-math/end-math symbol since I think
you left one out. Proceed, with fingers crossed.

<Figures/Chapter1/hausdorffSpace.png, id=239, 805.5696pt x 392.9079pt>
File: Figures/Chapter1/hausdorffSpace.png Graphic file (type png)
<use Figures/Chapter1/hausdorffSpace.png>
Package pdftex.def Info: Figures/Chapter1/hausdorffSpace.png  used on input line 243.
(pdftex.def)             Requested size: 402.78381pt x 196.45346pt.
[14]

LaTeX Warning: Reference `1.8' on page 15 undefined on input line 263.

./Chapters/Chapter1/Section6/section6.tex:291: Undefined control sequence.
l.291     \subsesubseteq
                         X$. Then a point  $x$ is a limit point of  $A$ if a...
The control sequence at the end of the top line
of your error message was never \def'ed. If you have
misspelled it (e.g., `\hobx'), type `I' and the correct
spelling (e.g., `I\hbox'). Otherwise just continue,
and I'll forget about whatever was undefined.

[15 <./Figures/Chapter1/hausdorffSpace.png>]) (./Chapters/Chapter1/Section7/section7.tex
./Chapters/Chapter1/Section7/section7.tex:15: Undefined control sequence.
l.15 $V=\bingcup
                {B_{\alpha}}$, hence
The control sequence at the end of the top line
of your error message was never \def'ed. If you have
misspelled it (e.g., `\hobx'), type `I' and the correct
spelling (e.g., `I\hbox'). Otherwise just continue,
and I'll forget about whatever was undefined.

./Chapters/Chapter1/Section7/section7.tex:16: Undefined control sequence.
l.16 $f^{-1}(\bingcup
                     {B_{\alpha}})=\bingcup{f^{-1}{B_{\alpha}}}$, which is o...
The control sequence at the end of the top line
of your error message was never \def'ed. If you have
misspelled it (e.g., `\hobx'), type `I' and the correct
spelling (e.g., `I\hbox'). Otherwise just continue,
and I'll forget about whatever was undefined.

./Chapters/Chapter1/Section7/section7.tex:16: Undefined control sequence.
l.16 $f^{-1}(\bingcup{B_{\alpha}})=\bingcup
                                           {f^{-1}{B_{\alpha}}}$, which is o...
The control sequence at the end of the top line
of your error message was never \def'ed. If you have
misspelled it (e.g., `\hobx'), type `I' and the correct
spelling (e.g., `I\hbox'). Otherwise just continue,
and I'll forget about whatever was undefined.

[16] [17] [18]
./Chapters/Chapter1/Section7/section7.tex:186: Undefined control sequence.
l.186         \item Let  $X=\bingcup
                                    {U_{\alpha}}$ where $U_{\alpha}$ is open...
The control sequence at the end of the top line
of your error message was never \def'ed. If you have
misspelled it (e.g., `\hobx'), type `I' and the correct
spelling (e.g., `I\hbox'). Otherwise just continue,
and I'll forget about whatever was undefined.

<Figures/Chapter1/continuousFunctions.png, id=304, 1267.2pt x 543.51pt>
File: Figures/Chapter1/continuousFunctions.png Graphic file (type png)
<use Figures/Chapter1/continuousFunctions.png>
Package pdftex.def Info: Figures/Chapter1/continuousFunctions.png  used on input line 236.
(pdftex.def)             Requested size: 253.4355pt x 108.70007pt.

LaTeX Warning: `h' float specifier changed to `ht'.

[19])) (./Chapters/Chapter2/chapter2.tex [20 <./Figures/Chapter1/continuousFunctions.png (PNG copy)>]
Chapter 2.
(./Chapters/Chapter2/Section1/section1.tex
./Chapters/Chapter2/Section1/section1.tex:31: Undefined control sequence.
l.31 ...V_{\alpha}}=\prod{U_{\alpha} \cap V_{\apha
                                                  }}$, which is also a basis...
The control sequence at the end of the top line
of your error message was never \def'ed. If you have
misspelled it (e.g., `\hobx'), type `I' and the correct
spelling (e.g., `I\hbox'). Otherwise just continue,
and I'll forget about whatever was undefined.

[21

] [22]
./Chapters/Chapter2/Section1/section1.tex:148: Misplaced \cr.
l.148     Now suppose that $x \in \cr
                                     {\prod{A_{\alpha}}}$ (in either topolog...
I can't figure out why you would want to use a tab mark
or \cr or \span just now. If something like a right brace
up above has ended a previous alignment prematurely,
you're probably due for more error messages, and you
might try typing `S' now just to see what is salvageable.

./Chapters/Chapter2/Section1/section1.tex:151: Missing $ inserted.
<inserted text> 
                $
l.151 ...a}}$. Then $y_{\beta} \in V_{\beta}$ \cap
                                                   A_{\beta}, hence $x \in
I've inserted a begin-math/end-math symbol since I think
you left one out. Proceed, with fingers crossed.

./Chapters/Chapter2/Section1/section1.tex:151: Missing $ inserted.
<inserted text> 
                $
l.151 ...n V_{\beta}$ \cap A_{\beta}, hence $x \in
                                                  
I've inserted a begin-math/end-math symbol since I think
you left one out. Proceed, with fingers crossed.

) (./Chapters/Chapter2/Section2/section2.tex [23]
Package epstopdf Info: Source file: <Figures/Chapter2/openBall.eps>
(epstopdf)                    date: 2021-03-08 09:36:51
(epstopdf)                    size: 252569 bytes
(epstopdf)             Output file: <Figures/Chapter2/openBall-eps-converted-to.pdf>
(epstopdf)                    date: 2021-03-08 09:36:51
(epstopdf)                    size: 249904 bytes
(epstopdf)             Command: <repstopdf --outfile=Figures/Chapter2/openBall-eps-converted-to.pdf Figures/Chapter2/openBall.eps>
(epstopdf)             \includegraphics on input line 58.
Package epstopdf Info: Output file is already uptodate.
<Figures/Chapter2/openBall-eps-converted-to.pdf, id=358, 1138.2525pt x 713.66624pt>
File: Figures/Chapter2/openBall-eps-converted-to.pdf Graphic file (type pdf)
<use Figures/Chapter2/openBall-eps-converted-to.pdf>
Package pdftex.def Info: Figures/Chapter2/openBall-eps-converted-to.pdf  used on input line 58.
(pdftex.def)             Requested size: 227.64647pt x 142.73071pt.

Overfull \hbox (30.93944pt too wide) in paragraph at lines 97--100
[]\OT1/cmr/m/n/12 Clearly we have that $0 \OMS/cmsy/m/n/12 ^^T []\OT1/cmr/m/n/12 (\OML/cmm/m/it/12 x; y\OT1/cmr/m/n/12 ) \OMS/cmsy/m/n/12 ^^T \OT1/cmr/m/n/12 1$, and that $[](\OML/cmm/m/it/12 x; y\OT1/cmr/m/n/12 ) = []\OMS/cmsy/m/n/12 f\OML/cmm/m/it/12 d\OT1/cmr/m/n/12 (\OML/cmm/m/it/12 x; y\OT1/cmr/m/n/12 )\OML/cmm/m/it/12 ; \OT1/cmr/m/n/12 1\OMS/cmsy/m/n/12 g \OT1/cmr/m/n/12 = []\OMS/cmsy/m/n/12 f\OML/cmm/m/it/12 d\OT1/cmr/m/n/12 (\OML/cmm/m/it/12 y; x\OT1/cmr/m/n/12 )\OML/cmm/m/it/12 ; \OT1/cmr/m/n/12 1\OMS/cmsy/m/n/12 g \OT1/cmr/m/n/12 =
 []

[24 <./Figures/Chapter2/openBall-eps-converted-to.pdf>]
./Chapters/Chapter2/Section2/section2.tex:117: Undefined control sequence.
l.117     $\R^n$ to be  $\rho(x,y)=\mac
                                       \{|x_1-y_1|, \dots |x_n-y_n|\}$.
The control sequence at the end of the top line
of your error message was never \def'ed. If you have
misspelled it (e.g., `\hobx'), type `I' and the correct
spelling (e.g., `I\hbox'). Otherwise just continue,
and I'll forget about whatever was undefined.

./Chapters/Chapter2/Section2/section2.tex:134: Double subscript.
l.134 ...\dots +x_n(y_n+z_n)=(x_1y_1 + \dots +x_n_
                                                  y_n)+(x_1z_1+
I treat `x_1_2' essentially like `x_1{}_2'.

./Chapters/Chapter2/Section2/section2.tex:134: Double subscript.
l.134 ...ots +x_n(y_n+z_n)=(x_1y_1 + \dots +x_n_y_
                                                  n)+(x_1z_1+
I treat `x_1_2' essentially like `x_1{}_2'.

[25]
Overfull \hbox (3.2899pt too wide) in paragraph at lines 188--192
[]\OT1/cmr/m/n/12 Notics that $\OML/cmm/m/it/12 ^^Z\OT1/cmr/m/n/12 (\OML/cmm/m/it/12 x; y\OT1/cmr/m/n/12 ) \OMS/cmsy/m/n/12 ^^T jj\OML/cmm/m/it/12 x \OMS/cmsy/m/n/12 ^^@ \OML/cmm/m/it/12 y\OMS/cmsy/m/n/12 jj ^^T []\OML/cmm/m/it/12 ^^Z\OT1/cmr/m/n/12 (\OML/cmm/m/it/12 x; y\OT1/cmr/m/n/12 )$. This first in-equal-ity shows that $\OML/cmm/m/it/12 B[]\OT1/cmr/m/n/12 (\OML/cmm/m/it/12 x; ^^O\OT1/cmr/m/n/12 ) \OMS/cmsy/m/n/12 ^^R
 []


Overfull \hbox (15.34518pt too wide) in paragraph at lines 223--227
[]\OT1/cmr/m/n/12 Likewise, con-sider $\OML/cmm/m/it/12 B$ \OT1/cmr/m/n/12 the $\OML/cmm/m/it/12 ^^O$\OT1/cmr/m/n/12 -ball about $\OML/cmm/m/it/12 x$ \OT1/cmr/m/n/12 in the $[]$ met-ric. Then the box $\OML/cmm/m/it/12 U \OT1/cmr/m/n/12 = [] []$
 []

./Chapters/Chapter2/Section2/section2.tex:246: Missing } inserted.
<inserted text> 
                }
l.246     Let $\bar{d}(a,b)=\min{|a-b|,1\}$
                                            be the standard bounded metric o...
I've inserted something that you may have forgotten.
(See the <inserted text> above.)
With luck, this will get me unwedged. But if you
really didn't forget anything, try typing `2' now; then
my insertion and my current dilemma will both disappear.

./Chapters/Chapter2/Section2/section2.tex:252: Missing $ inserted.
<inserted text> 
                $
l.252 \$B_
          {\bar{\rho}}(x,\epsilon)$
I've inserted a begin-math/end-math symbol since I think
you left one out. Proceed, with fingers crossed.

[26]
./Chapters/Chapter2/Section2/section2.tex:264: Missing $ inserted.
<inserted text> 
                $
l.264 ...{i} \leq \frac{1}{N}$, thus $D(x,y)$ \leq
                                                  
I've inserted a begin-math/end-math symbol since I think
you left one out. Proceed, with fingers crossed.

./Chapters/Chapter2/Section2/section2.tex:265: Extra }, or forgotten $.
l.265 ...\bar(d)(x_1,y_1),\dots, \bar(d)(x_i,y_i)}
                                                  {i}, \frac{1}{N}\} for all...
I've deleted a group-closing symbol because it seems to be
spurious, as in `$x}$'. But perhaps the } is legitimate and
you forgot something else, as in `\hbox{$x}'. In such cases
the way to recover is to insert both the forgotten and the
deleted material, e.g., by typing `I$}'.

./Chapters/Chapter2/Section2/section2.tex:265: Missing $ inserted.
<inserted text> 
                $
l.265 ...i,y_i)}{i}, \frac{1}{N}\} for all $i \geq
                                                   N$. Now if  $y
I've inserted a begin-math/end-math symbol since I think
you left one out. Proceed, with fingers crossed.

./Chapters/Chapter2/Section2/section2.tex:271: Undefined control sequence.
l.271     \alphaalpha
                     _n$, then $\bar{d}(x_i,y_i)<\epsilon_i \leq 1$, hence $...
The control sequence at the end of the top line
of your error message was never \def'ed. If you have
misspelled it (e.g., `\hobx'), type `I' and the correct
spelling (e.g., `I\hbox'). Otherwise just continue,
and I'll forget about whatever was undefined.

) (./Chapters/Chapter2/Section3/section3.tex
./Chapters/Chapter2/Section3/section3.tex:40: Undefined control sequence.
<recently read> \timed 
                       
l.40     \timed
                (x_N-\epsilon,x_N+\epsilon) \times X \times \dots$ be a basi...
The control sequence at the end of the top line
of your error message was never \def'ed. If you have
misspelled it (e.g., `\hobx'), type `I' and the correct
spelling (e.g., `I\hbox'). Otherwise just continue,
and I'll forget about whatever was undefined.

./Chapters/Chapter2/Section3/section3.tex:46: Undefined control sequence.
l.46     Conversely let $U=\Prod
                                {U_i}$ be a basis of the product topology wh...
The control sequence at the end of the top line
of your error message was never \def'ed. If you have
misspelled it (e.g., `\hobx'), type `I' and the correct
spelling (e.g., `I\hbox'). Otherwise just continue,
and I'll forget about whatever was undefined.

./Chapters/Chapter2/Section3/section3.tex:52: Undefined control sequence.
l.52 ...(x_i,y_i)<\epsilon_i$, and so $y \in \Prod
                                                  {U_i}$.
The control sequence at the end of the top line
of your error message was never \def'ed. If you have
misspelled it (e.g., `\hobx'), type `I' and the correct
spelling (e.g., `I\hbox'). Otherwise just continue,
and I'll forget about whatever was undefined.

[27] [28]
./Chapters/Chapter2/Section3/section3.tex:166: Undefined control sequence.
<recently read> \Prod 
                      
l.166 ...}$. Consider $0 \in \R^J$ and let  $\Prod
                                                  {U_{\apha}}$ be a basis
The control sequence at the end of the top line
of your error message was never \def'ed. If you have
misspelled it (e.g., `\hobx'), type `I' and the correct
spelling (e.g., `I\hbox'). Otherwise just continue,
and I'll forget about whatever was undefined.

./Chapters/Chapter2/Section3/section3.tex:166: Undefined control sequence.
l.166 ...der $0 \in \R^J$ and let  $\Prod{U_{\apha
                                                  }}$ be a basis
The control sequence at the end of the top line
of your error message was never \def'ed. If you have
misspelled it (e.g., `\hobx'), type `I' and the correct
spelling (e.g., `I\hbox'). Otherwise just continue,
and I'll forget about whatever was undefined.

./Chapters/Chapter2/Section3/section3.tex:170: Undefined control sequence.
l.170             \Pord
                       {U_{\alpha}}$.
The control sequence at the end of the top line
of your error message was never \def'ed. If you have
misspelled it (e.g., `\hobx'), type `I' and the correct
spelling (e.g., `I\hbox'). Otherwise just continue,
and I'll forget about whatever was undefined.

) (./Chapters/Chapter2/Section4/section4.tex
Package epstopdf Info: Source file: <Figures/Chapter2/squareToCylinderToTorus.eps>
(epstopdf)                    date: 2021-03-08 09:36:51
(epstopdf)                    size: 65248 bytes
(epstopdf)             Output file: <Figures/Chapter2/squareToCylinderToTorus-eps-converted-to.pdf>
(epstopdf)                    date: 2021-03-08 09:36:51
(epstopdf)                    size: 73833 bytes
(epstopdf)             Command: <repstopdf --outfile=Figures/Chapter2/squareToCylinderToTorus-eps-converted-to.pdf Figures/Chapter2/squareToCylinderToTorus.eps>
(epstopdf)             \includegraphics on input line 17.
Package epstopdf Info: Output file is already uptodate.
<Figures/Chapter2/squareToCylinderToTorus-eps-converted-to.pdf, id=411, 1132.23pt x 713.66624pt>
File: Figures/Chapter2/squareToCylinderToTorus-eps-converted-to.pdf Graphic file (type pdf)
<use Figures/Chapter2/squareToCylinderToTorus-eps-converted-to.pdf>
Package pdftex.def Info: Figures/Chapter2/squareToCylinderToTorus-eps-converted-to.pdf  used on input line 17.
(pdftex.def)             Requested size: 339.67162pt x 214.10152pt.


LaTeX Warning: `h' float specifier changed to `ht'.

[29] [30 <./Figures/Chapter2/squareToCylinderToTorus-eps-converted-to.pdf>]
./Chapters/Chapter2/Section4/section4.tex:77: Undefined control sequence.
l.77     \subsesubseteq
                        \Tc'$, now if $p$ is open, then for $U$ open in $X$,...
The control sequence at the end of the top line
of your error message was never \def'ed. If you have
misspelled it (e.g., `\hobx'), type `I' and the correct
spelling (e.g., `I\hbox'). Otherwise just continue,
and I'll forget about whatever was undefined.

Package epstopdf Info: Source file: <Figures/Chapter2/quotientOnABC.eps>
(epstopdf)                    date: 2021-03-08 09:36:51
(epstopdf)                    size: 369627 bytes
(epstopdf)             Output file: <Figures/Chapter2/quotientOnABC-eps-converted-to.pdf>
(epstopdf)                    date: 2021-03-08 09:36:51
(epstopdf)                    size: 372439 bytes
(epstopdf)             Command: <repstopdf --outfile=Figures/Chapter2/quotientOnABC-eps-converted-to.pdf Figures/Chapter2/quotientOnABC.eps>
(epstopdf)             \includegraphics on input line 102.
Package epstopdf Info: Output file is already uptodate.
<Figures/Chapter2/quotientOnABC-eps-converted-to.pdf, id=430, 1138.2525pt x 713.66624pt>
File: Figures/Chapter2/quotientOnABC-eps-converted-to.pdf Graphic file (type pdf)
<use Figures/Chapter2/quotientOnABC-eps-converted-to.pdf>
Package pdftex.def Info: Figures/Chapter2/quotientOnABC-eps-converted-to.pdf  used on input line 102.
(pdftex.def)             Requested size: 227.64647pt x 142.73071pt.
[31 <./Figures/Chapter2/quotientOnABC-eps-converted-to.pdf>]
<Figures/Chapter2/diskSphere-eps-converted-to.pdf, id=440, 1433.355pt x 713.66624pt>
File: Figures/Chapter2/diskSphere-eps-converted-to.pdf Graphic file (type pdf)
<use Figures/Chapter2/diskSphere-eps-converted-to.pdf>
Package pdftex.def Info: Figures/Chapter2/diskSphere-eps-converted-to.pdf  used on input line 152.
(pdftex.def)             Requested size: 286.66592pt x 142.73071pt.
Package epstopdf Info: Source file: <Figures/Chapter2/squareTorus.eps>
(epstopdf)                    date: 2021-03-08 09:36:51
(epstopdf)                    size: 382587 bytes
(epstopdf)             Output file: <Figures/Chapter2/squareTorus-eps-converted-to.pdf>
(epstopdf)                    date: 2021-03-08 09:36:51
(epstopdf)                    size: 372300 bytes
(epstopdf)             Command: <repstopdf --outfile=Figures/Chapter2/squareTorus-eps-converted-to.pdf Figures/Chapter2/squareTorus.eps>
(epstopdf)             \includegraphics on input line 159.
Package epstopdf Info: Output file is already uptodate.
<Figures/Chapter2/squareTorus-eps-converted-to.pdf, id=441, 1433.355pt x 713.66624pt>
File: Figures/Chapter2/squareTorus-eps-converted-to.pdf Graphic file (type pdf)
<use Figures/Chapter2/squareTorus-eps-converted-to.pdf>
Package pdftex.def Info: Figures/Chapter2/squareTorus-eps-converted-to.pdf  used on input line 159.
(pdftex.def)             Requested size: 286.66592pt x 142.73071pt.
 [32 <./Figures/Chapter2/diskSphere-eps-converted-to.pdf> <./Figures/Chapter2/squareTorus-eps-converted-to.pdf>]

./Chapters/Chapter2/Section4/section4.tex:175: LaTeX Error: Bad math environment delimiter.

See the LaTeX manual or LaTeX Companion for explanation.
Type  H <return>  for immediate help.
 ...                                              
                                                  
l.175 ...teq A$. We also have that $p(U \cap A)=\(
                                                  U) \cap p(A)$. Now suppose...
Your command was ignored.
Type  I <command> <return>  to replace it with another command,
or  <return>  to continue without it.

[33]
Package epstopdf Info: Source file: <Figures/Chapter2/nonHomeomorphicPoints.eps>
(epstopdf)                    date: 2021-03-08 09:36:51
(epstopdf)                    size: 118029 bytes
(epstopdf)             Output file: <Figures/Chapter2/nonHomeomorphicPoints-eps-converted-to.pdf>
(epstopdf)                    date: 2021-03-08 09:36:51
(epstopdf)                    size: 147701 bytes
(epstopdf)             Command: <repstopdf --outfile=Figures/Chapter2/nonHomeomorphicPoints-eps-converted-to.pdf Figures/Chapter2/nonHomeomorphicPoints.eps>
(epstopdf)             \includegraphics on input line 279.
Package epstopdf Info: Output file is already uptodate.
<Figures/Chapter2/nonHomeomorphicPoints-eps-converted-to.pdf, id=464, 1433.355pt x 713.66624pt>
File: Figures/Chapter2/nonHomeomorphicPoints-eps-converted-to.pdf Graphic file (type pdf)
<use Figures/Chapter2/nonHomeomorphicPoints-eps-converted-to.pdf>
Package pdftex.def Info: Figures/Chapter2/nonHomeomorphicPoints-eps-converted-to.pdf  used on input line 279.
(pdftex.def)             Requested size: 286.66592pt x 142.73071pt.


LaTeX Warning: `h' float specifier changed to `ht'.

[34])) (./Chapters/Chapter3/chapter3.tex [35 <./Figures/Chapter2/nonHomeomorphicPoints-eps-converted-to.pdf>] [36

]
Chapter 3.
(./Chapters/Chapter3/Section1/section1.tex [37] [38]) (./Chapters/Chapter3/Section2/section2.tex [39]
Package epstopdf Info: Source file: <Figures/Chapter3/puncturedSpace.eps>
(epstopdf)                    date: 2021-04-19 12:21:21
(epstopdf)                    size: 73766 bytes
(epstopdf)             Output file: <Figures/Chapter3/puncturedSpace-eps-converted-to.pdf>
(epstopdf)                    date: 2021-04-19 12:21:51
(epstopdf)                    size: 107644 bytes
(epstopdf)             Command: <repstopdf --outfile=Figures/Chapter3/puncturedSpace-eps-converted-to.pdf Figures/Chapter3/puncturedSpace.eps>
(epstopdf)             \includegraphics on input line 110.
Package epstopdf Info: Output file is already uptodate.
<Figures/Chapter3/puncturedSpace-eps-converted-to.pdf, id=519, 1433.355pt x 713.66624pt>
File: Figures/Chapter3/puncturedSpace-eps-converted-to.pdf Graphic file (type pdf)
<use Figures/Chapter3/puncturedSpace-eps-converted-to.pdf>
Package pdftex.def Info: Figures/Chapter3/puncturedSpace-eps-converted-to.pdf  used on input line 110.
(pdftex.def)             Requested size: 286.66592pt x 142.73071pt.
 [40 <./Figures/Chapter3/puncturedSpace-eps-converted-to.pdf>]
Package epstopdf Info: Source file: <Figures/Chapter3/topologistsSineCurve.eps>
(epstopdf)                    date: 2021-04-19 11:19:23
(epstopdf)                    size: 299523 bytes
(epstopdf)             Output file: <Figures/Chapter3/topologistsSineCurve-eps-converted-to.pdf>
(epstopdf)                    date: 2021-04-19 11:19:27
(epstopdf)                    size: 370822 bytes
(epstopdf)             Command: <repstopdf --outfile=Figures/Chapter3/topologistsSineCurve-eps-converted-to.pdf Figures/Chapter3/topologistsSineCurve.eps>
(epstopdf)             \includegraphics on input line 130.
Package epstopdf Info: Output file is already uptodate.
<Figures/Chapter3/topologistsSineCurve-eps-converted-to.pdf, id=533, 1141.26375pt x 713.66624pt>
File: Figures/Chapter3/topologistsSineCurve-eps-converted-to.pdf Graphic file (type pdf)
<use Figures/Chapter3/topologistsSineCurve-eps-converted-to.pdf>
Package pdftex.def Info: Figures/Chapter3/topologistsSineCurve-eps-converted-to.pdf  used on input line 130.
(pdftex.def)             Requested size: 228.2487pt x 142.73071pt.

./Chapters/Chapter3/Section2/section2.tex:136: Missing } inserted.
<inserted text> 
                }
l.136 ...$x \rightarrow x \times \sin{\frac{1}{x}$
                                                   from $(0,1] \rightarrow \...
I've inserted something that you may have forgotten.
(See the <inserted text> above.)
With luck, this will get me unwedged. But if you
really didn't forget anything, try typing `2' now; then
my insertion and my current dilemma will both disappear.

) (./Chapters/Chapter3/Section3/section3.tex [41 <./Figures/Chapter3/topologistsSineCurve-eps-converted-to.pdf>] [42] [43]) (./Chapters/Chapter3/Section4/section4.tex)) [44] [45

] (./Topology.aux)

LaTeX Warning: There were undefined references.


LaTeX Warning: There were multiply-defined labels.

Package rerunfilecheck Info: File `Topology.out' has not changed.
(rerunfilecheck)             Checksum: 7A395B7F0276C58002C5E516B718E75B;1255.
Package logreq Info: Writing requests to 'Topology.run.xml'.
\openout1 = `Topology.run.xml'.

 ) 
Here is how much of TeX's memory you used:
 38221 strings out of 481252
 881946 string characters out of 5915888
 1693341 words of memory out of 5000000
 54176 multiletter control sequences out of 15000+600000
 414570 words of font info for 68 fonts, out of 8000000 for 9000
 14 hyphenation exceptions out of 8191
 102i,15n,103p,741b,1210s stack positions out of 5000i,500n,10000p,200000b,80000s
 </home/eletrico/.texlive2020/texmf-var/fonts/pk/ljfour/jknappen/ec/tcti1200.600pk></usr/share/texlive/texmf-dist/fonts/type1/public/amsfonts/cm/cmbx12.pfb></usr/share/texlive/texmf-dist/fonts/type1/public/amsfonts/cm/cmcsc10.pfb></usr/share/texlive/texmf-dist/fonts/type1/public/amsfonts/cm/cmex10.pfb></usr/share/texlive/texmf-dist/fonts/type1/public/amsfonts/cm/cmmi12.pfb></usr/share/texlive/texmf-dist/fonts/type1/public/amsfonts/cm/cmmi6.pfb></usr/share/texlive/texmf-dist/fonts/type1/public/amsfonts/cm/cmmi8.pfb></usr/share/texlive/texmf-dist/fonts/type1/public/amsfonts/cm/cmr12.pfb></usr/share/texlive/texmf-dist/fonts/type1/public/amsfonts/cm/cmr17.pfb></usr/share/texlive/texmf-dist/fonts/type1/public/amsfonts/cm/cmr6.pfb></usr/share/texlive/texmf-dist/fonts/type1/public/amsfonts/cm/cmr8.pfb></usr/share/texlive/texmf-dist/fonts/type1/public/amsfonts/cm/cmsl12.pfb></usr/share/texlive/texmf-dist/fonts/type1/public/amsfonts/cm/cmsy10.pfb></usr/share/texlive/texmf-dist/fonts/type1/public/amsfonts/cm/cmsy6.pfb></usr/share/texlive/texmf-dist/fonts/type1/public/amsfonts/cm/cmsy8.pfb></usr/share/texlive/texmf-dist/fonts/type1/public/amsfonts/cm/cmti12.pfb></usr/share/texlive/texmf-dist/fonts/type1/public/amsfonts/symbols/msam10.pfb></usr/share/texlive/texmf-dist/fonts/type1/public/amsfonts/symbols/msbm10.pfb></usr/share/texlive/texmf-dist/fonts/type1/public/amsfonts/symbols/msbm7.pfb>
Output written on Topology.pdf (45 pages, 4412156 bytes).
PDF statistics:
 702 PDF objects out of 1000 (max. 8388607)
 597 compressed objects within 6 object streams
 278 named destinations out of 1000 (max. 500000)
 242 words of extra memory for PDF output out of 10000 (max. 10000000)

